<?xml version="1.0" encoding="UTF-8"?>
<!-- Generated by org.testng.reporters.JUnitXMLReporter -->
<testsuite ignored="0" hostname="ATMECSINLT-043" failures="0" tests="6" name="Test" time="27.33" errors="0" timestamp="2019-11-19T16:01:43 IST">
  <testcase classname="com.atmecs.demo.testscripts.Homepage" name="clickSearchButton" time="0.939"/>
  <testcase classname="com.atmecs.demo.testscripts.AddCart" name="enterData" time="6.702"/>
  <testcase classname="com.atmecs.demo.testscripts.AddCart" name="enterData" time="6.349"/>
  <testcase classname="com.atmecs.demo.testscripts.AddCart" name="validateCartAfterAdd" time="3.164"/>
  <testcase classname="com.atmecs.demo.testscripts.AddCart" name="validateAfterRemove" time="2.232"/>
  <testcase classname="com.atmecs.demo.testscripts.AddCart" name="negativeTestCase" time="1.987"/>
</testsuite> <!-- Test -->
