<?xml version="1.0" encoding="UTF-8"?>
<!-- Generated by org.testng.reporters.JUnitXMLReporter -->
<testsuite ignored="0" hostname="ATMECSINLT-043" failures="0" tests="6" name="Test" time="22.503" errors="0" timestamp="2019-11-19T17:16:57 IST">
  <testcase classname="com.atmecs.demo.testscripts.Homepage" name="clickSearchButton" time="0.312"/>
  <testcase classname="com.atmecs.demo.testscripts.AddCart" name="enterData" time="3.871"/>
  <testcase classname="com.atmecs.demo.testscripts.AddCart" name="enterData" time="2.77"/>
  <testcase classname="com.atmecs.demo.testscripts.AddCart" name="validateCartAfterAdd" time="1.157"/>
  <testcase classname="com.atmecs.demo.testscripts.AddCart" name="validateAfterRemove" time="0.887"/>
  <testcase classname="com.atmecs.demo.testscripts.AddCart" name="negativeTestCase" time="0.832"/>
</testsuite> <!-- Test -->
