<?xml version="1.0" encoding="UTF-8"?>
<testng-results ignored="0" total="6" passed="6" failed="0" skipped="0">
  <reporter-output>
  </reporter-output>
  <suite started-at="2019-11-19T17:16:34 IST" name="Suite" finished-at="2019-11-19T17:16:57 IST" duration-ms="22503">
    <groups>
    </groups>
    <test started-at="2019-11-19T17:16:34 IST" name="Test" finished-at="2019-11-19T17:16:57 IST" duration-ms="22503">
      <class name="com.atmecs.demo.testscripts.AddCart">
        <test-method is-config="true" signature="invokeBrowser()[pri:0, instance:com.atmecs.demo.testscripts.AddCart@402e37bc]" started-at="2019-11-19T17:16:34 IST" name="invokeBrowser" finished-at="2019-11-19T17:16:44 IST" duration-ms="9494" status="PASS">
          <reporter-output>
          </reporter-output>
        </test-method> <!-- invokeBrowser -->
        <test-method signature="clickSearchButton()[pri:2, instance:com.atmecs.demo.testscripts.AddCart@402e37bc]" started-at="2019-11-19T17:16:44 IST" name="clickSearchButton" finished-at="2019-11-19T17:16:44 IST" duration-ms="312" status="PASS">
          <reporter-output>
          </reporter-output>
        </test-method> <!-- clickSearchButton -->
        <test-method signature="enterData([Ljava.lang.String;)[pri:3, instance:com.atmecs.demo.testscripts.AddCart@402e37bc]" started-at="2019-11-19T17:16:45 IST" name="enterData" data-provider="data" finished-at="2019-11-19T17:16:49 IST" duration-ms="3871" status="PASS">
          <params>
            <param index="0">
              <value>
                <![CDATA[[Ljava.lang.String;@6e4ea0bd]]>
              </value>
            </param>
          </params>
          <reporter-output>
          </reporter-output>
        </test-method> <!-- enterData -->
        <test-method signature="enterData([Ljava.lang.String;)[pri:3, instance:com.atmecs.demo.testscripts.AddCart@402e37bc]" started-at="2019-11-19T17:16:49 IST" name="enterData" data-provider="data" finished-at="2019-11-19T17:16:51 IST" duration-ms="2770" status="PASS">
          <params>
            <param index="0">
              <value>
                <![CDATA[[Ljava.lang.String;@6fe46b62]]>
              </value>
            </param>
          </params>
          <reporter-output>
          </reporter-output>
        </test-method> <!-- enterData -->
        <test-method signature="validateCartAfterAdd()[pri:4, instance:com.atmecs.demo.testscripts.AddCart@402e37bc]" started-at="2019-11-19T17:16:51 IST" name="validateCartAfterAdd" finished-at="2019-11-19T17:16:53 IST" duration-ms="1157" status="PASS">
          <reporter-output>
          </reporter-output>
        </test-method> <!-- validateCartAfterAdd -->
        <test-method signature="validateAfterRemove()[pri:5, instance:com.atmecs.demo.testscripts.AddCart@402e37bc]" started-at="2019-11-19T17:16:53 IST" name="validateAfterRemove" finished-at="2019-11-19T17:16:53 IST" duration-ms="887" status="PASS">
          <reporter-output>
          </reporter-output>
        </test-method> <!-- validateAfterRemove -->
        <test-method signature="negativeTestCase()[pri:6, instance:com.atmecs.demo.testscripts.AddCart@402e37bc]" started-at="2019-11-19T17:16:53 IST" name="negativeTestCase" finished-at="2019-11-19T17:16:54 IST" duration-ms="832" status="PASS">
          <reporter-output>
          </reporter-output>
        </test-method> <!-- negativeTestCase -->
        <test-method is-config="true" signature="closeBrowser()[pri:0, instance:com.atmecs.demo.testscripts.AddCart@402e37bc]" started-at="2019-11-19T17:16:54 IST" name="closeBrowser" finished-at="2019-11-19T17:16:57 IST" duration-ms="2262" status="PASS">
          <reporter-output>
          </reporter-output>
        </test-method> <!-- closeBrowser -->
      </class> <!-- com.atmecs.demo.testscripts.AddCart -->
    </test> <!-- Test -->
  </suite> <!-- Suite -->
</testng-results>
