<?xml version="1.0" encoding="UTF-8"?>
<testng-results ignored="0" total="6" passed="6" failed="0" skipped="0">
  <reporter-output>
  </reporter-output>
  <suite started-at="2019-11-19T16:01:15 IST" name="Suite" finished-at="2019-11-19T16:01:43 IST" duration-ms="27330">
    <groups>
    </groups>
    <test started-at="2019-11-19T16:01:15 IST" name="Test" finished-at="2019-11-19T16:01:43 IST" duration-ms="27330">
      <class name="com.atmecs.demo.testscripts.AddCart">
        <test-method is-config="true" signature="openBrowser(java.lang.String, java.lang.String)[pri:0, instance:com.atmecs.demo.testscripts.AddCart@402e37bc]" started-at="2019-11-19T16:01:15 IST" name="openBrowser" finished-at="2019-11-19T16:01:20 IST" duration-ms="4403" status="PASS">
          <params>
            <param index="0">
              <value>
                <![CDATA[ie]]>
              </value>
            </param>
            <param index="1">
              <value>
                <![CDATA[http://tutorialsninja.com/demo/]]>
              </value>
            </param>
          </params>
          <reporter-output>
          </reporter-output>
        </test-method> <!-- openBrowser -->
        <test-method signature="clickSearchButton()[pri:2, instance:com.atmecs.demo.testscripts.AddCart@402e37bc]" started-at="2019-11-19T16:01:20 IST" name="clickSearchButton" finished-at="2019-11-19T16:01:21 IST" duration-ms="939" status="PASS">
          <reporter-output>
          </reporter-output>
        </test-method> <!-- clickSearchButton -->
        <test-method signature="enterData([Ljava.lang.String;)[pri:3, instance:com.atmecs.demo.testscripts.AddCart@402e37bc]" started-at="2019-11-19T16:01:22 IST" name="enterData" data-provider="data" finished-at="2019-11-19T16:01:28 IST" duration-ms="6702" status="PASS">
          <params>
            <param index="0">
              <value>
                <![CDATA[[Ljava.lang.String;@1adb7478]]>
              </value>
            </param>
          </params>
          <reporter-output>
          </reporter-output>
        </test-method> <!-- enterData -->
        <test-method signature="enterData([Ljava.lang.String;)[pri:3, instance:com.atmecs.demo.testscripts.AddCart@402e37bc]" started-at="2019-11-19T16:01:28 IST" name="enterData" data-provider="data" finished-at="2019-11-19T16:01:35 IST" duration-ms="6349" status="PASS">
          <params>
            <param index="0">
              <value>
                <![CDATA[[Ljava.lang.String;@34237b90]]>
              </value>
            </param>
          </params>
          <reporter-output>
          </reporter-output>
        </test-method> <!-- enterData -->
        <test-method signature="validateCartAfterAdd()[pri:4, instance:com.atmecs.demo.testscripts.AddCart@402e37bc]" started-at="2019-11-19T16:01:35 IST" name="validateCartAfterAdd" finished-at="2019-11-19T16:01:38 IST" duration-ms="3164" status="PASS">
          <reporter-output>
          </reporter-output>
        </test-method> <!-- validateCartAfterAdd -->
        <test-method signature="validateAfterRemove()[pri:5, instance:com.atmecs.demo.testscripts.AddCart@402e37bc]" started-at="2019-11-19T16:01:38 IST" name="validateAfterRemove" finished-at="2019-11-19T16:01:40 IST" duration-ms="2232" status="PASS">
          <reporter-output>
          </reporter-output>
        </test-method> <!-- validateAfterRemove -->
        <test-method signature="negativeTestCase()[pri:6, instance:com.atmecs.demo.testscripts.AddCart@402e37bc]" started-at="2019-11-19T16:01:40 IST" name="negativeTestCase" finished-at="2019-11-19T16:01:42 IST" duration-ms="1987" status="PASS">
          <reporter-output>
          </reporter-output>
        </test-method> <!-- negativeTestCase -->
        <test-method is-config="true" signature="closeBrowser()[pri:0, instance:com.atmecs.demo.testscripts.AddCart@402e37bc]" started-at="2019-11-19T16:01:42 IST" name="closeBrowser" finished-at="2019-11-19T16:01:43 IST" duration-ms="641" status="PASS">
          <reporter-output>
          </reporter-output>
        </test-method> <!-- closeBrowser -->
      </class> <!-- com.atmecs.demo.testscripts.AddCart -->
    </test> <!-- Test -->
  </suite> <!-- Suite -->
</testng-results>
