<?xml version="1.0" encoding="UTF-8"?>
<testsuite xmlns:xsi="http://www.w3.org/2001/XMLSchema-instance" xsi:schemaLocation="https://maven.apache.org/surefire/maven-surefire-plugin/xsd/surefire-test-report.xsd" name="TestSuite" time="28.552" tests="6" errors="0" skipped="0" failures="0">
  <properties>
[...]
</properties>
  <testcase name="clickSearchButton" classname="com.atmecs.demo.testscripts.AddCart" time="0.94"/>
  <testcase name="enterData" classname="com.atmecs.demo.testscripts.AddCart" time="6.701"/>
  <testcase name="enterData" classname="com.atmecs.demo.testscripts.AddCart" time="6.35"/>
  <testcase name="validateCartAfterAdd" classname="com.atmecs.demo.testscripts.AddCart" time="3.163"/>
  <testcase name="validateAfterRemove" classname="com.atmecs.demo.testscripts.AddCart" time="2.232"/>
  <testcase name="negativeTestCase" classname="com.atmecs.demo.testscripts.AddCart" time="1.987"/>
</testsuite>