<?xml version="1.0" encoding="UTF-8"?>
<testng-results ignored="0" total="1" passed="1" failed="0" skipped="0">
  <reporter-output>
  </reporter-output>
  <suite started-at="2019-11-19T15:15:08 IST" name="Suite" finished-at="2019-11-19T15:15:18 IST" duration-ms="9591">
    <groups>
    </groups>
    <test started-at="2019-11-19T15:15:08 IST" name="Test" finished-at="2019-11-19T15:15:18 IST" duration-ms="9591">
      <class name="com.atmecs.demo.testscripts.Homepage">
        <test-method is-config="true" signature="openBrowser(java.lang.String, java.lang.String)[pri:0, instance:com.atmecs.demo.testscripts.Homepage@7fa98a66]" started-at="2019-11-19T15:15:08 IST" name="openBrowser" finished-at="2019-11-19T15:15:17 IST" duration-ms="9187" status="PASS">
          <params>
            <param index="0">
              <value>
                <![CDATA[firefox]]>
              </value>
            </param>
            <param index="1">
              <value>
                <![CDATA[http://tutorialsninja.com/demo/]]>
              </value>
            </param>
          </params>
          <reporter-output>
          </reporter-output>
        </test-method> <!-- openBrowser -->
        <test-method signature="clickSearchButton()[pri:2, instance:com.atmecs.demo.testscripts.Homepage@7fa98a66]" started-at="2019-11-19T15:15:17 IST" name="clickSearchButton" finished-at="2019-11-19T15:15:18 IST" duration-ms="364" status="PASS">
          <reporter-output>
          </reporter-output>
        </test-method> <!-- clickSearchButton -->
      </class> <!-- com.atmecs.demo.testscripts.Homepage -->
    </test> <!-- Test -->
  </suite> <!-- Suite -->
</testng-results>
